17-05-2017 12:50 -- Krayorn is connected
17-05-2017 13:15 -- Krayorn is connected
18-05-2017 08:17 -- Krayorn is connected
18-05-2017 12:57 -- Krayorn is connected
18-05-2017 15:59 -- Krayorn is connected
19-05-2017 08:36 -- Krayorn is connected
19-05-2017 09:17 -- Krayorn is connected
19-05-2017 14:06 -- Krayorn is connected
19-05-2017 14:20 -- Krayorn is connected
19-05-2017 15:22 -- Krayorn is connected
19-05-2017 18:51 -- Krayorn is connected
19-05-2017 18:53 -- Krayorn is connected
19-05-2017 20:28 -- Krayorn is connected
19-05-2017 22:03 -- adminOmar is connected
20-05-2017 00:31 -- adminOmar is connected
20-05-2017 01:25 -- adminOmar is connected
20-05-2017 16:33 -- adminOmar is connected
21-05-2017 01:00 -- Krayorn is connected
21-05-2017 02:41 -- Krayorn is connected
21-05-2017 03:07 -- adminOmar is connected
21-05-2017 04:05 -- adminOmar is connected
<<<<<<< HEAD
21-05-2017 19:48 --  Le mail suivant 2 viens de s"inscrire a la newsletter
21-05-2017 19:48 -- Email envoyée à hakanakca10@gmail.com
21-05-2017 19:58 -- Email envoyée à hakanakca10@gmail.com
21-05-2017 20:08 --  L"offre Array a était mise a jour par les infos suivantes Oui non  Oui non
21-05-2017 20:09 --  L"offre  a était mise a jour par les infos suivantes Oui non qsdqsdqsd Oui nonqsdqsdqsd
21-05-2017 20:10 --  L"offre  a était mise a jour par les infos suivantes Oui non qsdqsdqsdqsdqsdqsdqsdqsdqsd Oui nonqsdqsdqsdqsdqsdqsdqsd
21-05-2017 20:11 --  L"offre Mangoqsdqsdqsd a était mise a jour par les infos suivantes Mangoqsdqsdqsd sdjfksjdnfqsdqdqsd
21-05-2017 20:12 --  L"offre  a était mise a jour par les infos suivantes qsd bonjour sdjfksjdnf bonjour
21-05-2017 20:20 -- adminOmar à utiliser le code bar suivant 759298
21-05-2017 20:23 -- adminOmar à acheter l"offre 
21-05-2017 20:24 -- adminOmar à utiliser le code bar suivant 136428
21-05-2017 20:24 -- adminOmar à acheter l"offre 28
21-05-2017 20:26 -- adminOmar à acheter l"offre Array
21-05-2017 20:33 -- adminOmar à utiliser le code bar suivant 020423
21-05-2017 20:33 -- adminOmar à acheter l"offre 
21-05-2017 20:34 -- adminOmar à acheter l"offre 
21-05-2017 20:39 -- adminOmar à modifier ces infos par adminOmar hakanakca10@gmail.com hakanakca10@gmail.com
21-05-2017 20:40 -- adminOmar à modifier ces infos par adminOmarqsdqsd hakanakca10@gmail.com Paris
21-05-2017 20:46 -- adminOmar à modifier certains infos par nom: adminbonjour mail: hakanakca10@gmail.com ville: Paris
21-05-2017 20:50 -- adminOmar à modifier certains infos par nom: admiwargaga mail: hakanakca10@gmail.com ville: Paris
=======
21-05-2017 15:55 -- JeanRemy is connected
21-05-2017 16:29 -- AdminTritus is connected
21-05-2017 16:30 -- AdminTritus is connected
21-05-2017 16:34 -- UserParis is connected
21-05-2017 16:35 -- AdminTritus is connected
>>>>>>> 1d9b303a5f6de07ab6dfc05ae5504914fc753776
