04-05-2017 18:21 -- adminHNO new catalog send 
04-05-2017 18:52 -- adminHNO new catalog send CarrefourAlimentaire1040
04-05-2017 18:53 -- adminHNO new catalog send Carrefour Alimentaire 10 10
05-05-2017 00:05 -- adminOmar new catalog send    
05-05-2017 00:11 -- adminOmar new catalog send    
05-05-2017 00:57 -- adminOmar new catalog send MacDonald Vitry Sur Seine 10 100
05-05-2017 01:26 -- adminOmar new catalog send 120 Vitry Sur Seine 10 
05-05-2017 01:26 -- adminOmar new catalog send 120 Vitry Sur Seine 10 120
05-05-2017 01:30 -- adminOmar new catalog send KFC Vitry Sur Seine 20 200
05-05-2017 01:32 -- adminOmar new catalog send ZARA Vitry Sur Seine 12 210
05-05-2017 01:33 -- adminOmar new catalog send KFC Vitry Sur Seine 20 300
05-05-2017 01:35 -- adminOmar new catalog send MacDonald Vitry Sur Seine 10 600
05-05-2017 09:56 -- adminOmar new catalog send    
05-05-2017 11:27 -- adminOmar new catalog send    
<<<<<<< HEAD
21-05-2017 19:45 -- adminOmar à ajouter une nouvelle offre   nom : Carrefourqsdqsd ville : AULNAY SOUS BOIS deal : 20  cout : 100 description : sdjfksjdnf image : icône poubelle.png date expiration : 
=======
21-05-2017 20:02 -- AdminTritus à ajouter une nouveau sondage   nom : Bubble Tea  description : Bubble Tea est un salon de thé situé au carrefour de la rue au pain et de la rue André.  Venez découvrir nos différents parfums ! deal : pour un menu acheté, un dessert est offert image : uploads/surveys/sondage1.png date expiration : 2017/06/21 20:02:23
21-05-2017 20:03 -- AdminTritus à ajouter une nouveau sondage   nom : Le cartel  description : Au cartel, on mange dans la bonne humeur dans une ambiance à l’ancienne. Notre restaurant accueille régulièrement des concerts de groupes du coin ! deal : pour un menu acheté, le café est offert image : uploads/surveys/sondage2.png date expiration : 2017/06/21 20:03:35
21-05-2017 20:04 -- AdminTritus à ajouter une nouveau sondage   nom : Batistin  description : Chez Batistin, on sert des burgers ! Mais pas n’importe quels burgers, les notres sont fait avec des produits frais, sélectionnés pour vous, le tout avec une bonne dose d’amour ! deal : pour un burger acheté, un dessert offert image : uploads/surveys/sondage3.png date expiration : 2017/06/21 20:04:05
21-05-2017 20:05 -- AdminTritus à ajouter une nouveau sondage   nom : Batistin  description : Chez Batistin, on sert des burgers ! Mais pas n’importe quels burgers, les notres sont fait avec des produits frais, sélectionnés pour vous, le tout avec une bonne dose d’amour ! deal : pour un burger acheté, un dessert offert image : uploads/surveys/sondage3.png date expiration : 2017/06/21 20:05:34
21-05-2017 20:06 -- AdminTritus à ajouter une nouveau sondage   nom : Batistin  description : Chez Batistin, on sert des burgers ! Mais pas n’importe quels burgers, les notres sont fait avec des produits frais, sélectionnés pour vous, le tout avec une bonne dose d’amour ! deal : pour un burger acheté, un dessert offert image : uploads/surveys/sondage3.png date expiration : 2017/06/21 20:06:22
21-05-2017 20:10 -- AdminTritus à ajouter une nouveau sondage   nom : Bubble Tea  description : Bubble Tea est un salon de thé situé au carrefour de la rue au pain et de la rue André.  Venez découvrir nos différents parfums ! deal : pour un menu acheté, un dessert est offert image : uploads/surveys/sondage1.png date expiration : 2017/06/21 20:10:14
21-05-2017 20:11 -- AdminTritus à ajouter une nouveau sondage   nom : Bubble Tea  description : Bubble Tea est un salon de thé situé au carrefour de la rue au pain et de la rue André.  Venez découvrir nos différents parfums ! deal : pour un menu acheté, un dessert est offert image : uploads/surveys/sondage1.png date expiration : 2017/06/21 20:11:43
21-05-2017 20:12 -- AdminTritus à ajouter une nouveau sondage   nom : Le cartel  description : Au cartel, on mange dans la bonne humeur dans une ambiance à l’ancienne. Notre restaurant accueille régulièrement des concerts de groupes du coin ! deal : pour un menu acheté, le café est offert image : uploads/surveys/sondage2.png date expiration : 2017/06/21 20:12:10
21-05-2017 20:12 -- AdminTritus à ajouter une nouveau sondage   nom : Batistin  description : Chez Batistin, on sert des burgers ! Mais pas n’importe quels burgers, les notres sont fait avec des produits frais, sélectionnés pour vous, le tout avec une bonne dose d’amour ! deal : pour un burger acheté, un dessert offert image : uploads/surveys/sondage3.png date expiration : 2017/06/21 20:12:53
21-05-2017 20:16 -- AdminTritus à ajouter une nouveau sondage   nom : Batistin  description : Chez Batistin, on sert des burgers ! Mais pas n’importe quels burgers, les notres sont fait avec des produits frais, sélectionnés pour vous, le tout avec une bonne dose d’amour ! deal : pour un burger acheté, un dessert offert image : uploads/surveys/sondage3.png date expiration : 2017/06/21 20:16:20
>>>>>>> 1d9b303a5f6de07ab6dfc05ae5504914fc753776
